Checking whether the ASM compiler is GNU using "--version" did not match "(GNU assembler)|(GCC)|(Free Software Foundation)":
distcc 3.4 x86_64-pc-linux-gnu
  (protocols 1, 2 and 3) (default port 3632)
  built Oct 18 2022 22:17:00
Copyright (C) 2002, 2003, 2004 by Martin Pool.
Includes miniLZO (C) 1996-2002 by Markus Franz Xaver Johannes Oberhumer.
Portions Copyright (C) 2007-2008 Google.

distcc comes with ABSOLUTELY NO WARRANTY.  distcc is free software, and
you may use, modify and redistribute it under the terms of the GNU 
General Public License version 2 or later.

Built with Zeroconf support.

Please report bugs to distcc@lists.samba.org

Checking whether the ASM compiler is Clang using "--version" did not match "(clang version)":
distcc 3.4 x86_64-pc-linux-gnu
  (protocols 1, 2 and 3) (default port 3632)
  built Oct 18 2022 22:17:00
Copyright (C) 2002, 2003, 2004 by Martin Pool.
Includes miniLZO (C) 1996-2002 by Markus Franz Xaver Johannes Oberhumer.
Portions Copyright (C) 2007-2008 Google.

distcc comes with ABSOLUTELY NO WARRANTY.  distcc is free software, and
you may use, modify and redistribute it under the terms of the GNU 
General Public License version 2 or later.

Built with Zeroconf support.

Please report bugs to distcc@lists.samba.org

Checking whether the ASM compiler is AppleClang using "--version" did not match "(Apple LLVM version)":
distcc 3.4 x86_64-pc-linux-gnu
  (protocols 1, 2 and 3) (default port 3632)
  built Oct 18 2022 22:17:00
Copyright (C) 2002, 2003, 2004 by Martin Pool.
Includes miniLZO (C) 1996-2002 by Markus Franz Xaver Johannes Oberhumer.
Portions Copyright (C) 2007-2008 Google.

distcc comes with ABSOLUTELY NO WARRANTY.  distcc is free software, and
you may use, modify and redistribute it under the terms of the GNU 
General Public License version 2 or later.

Built with Zeroconf support.

Please report bugs to distcc@lists.samba.org

Checking whether the ASM compiler is ARMClang using "--version" did not match "armclang":
distcc 3.4 x86_64-pc-linux-gnu
  (protocols 1, 2 and 3) (default port 3632)
  built Oct 18 2022 22:17:00
Copyright (C) 2002, 2003, 2004 by Martin Pool.
Includes miniLZO (C) 1996-2002 by Markus Franz Xaver Johannes Oberhumer.
Portions Copyright (C) 2007-2008 Google.

distcc comes with ABSOLUTELY NO WARRANTY.  distcc is free software, and
you may use, modify and redistribute it under the terms of the GNU 
General Public License version 2 or later.

Built with Zeroconf support.

Please report bugs to distcc@lists.samba.org

Checking whether the ASM compiler is HP using "-V" did not match "HP C":
gcc: error: unrecognized command-line option '-V'
gcc: fatal error: no input files
compilation terminated.
distcc[108888] ERROR: compile (null) on localhost failed
Checking whether the ASM compiler is Intel using "--version" did not match "(ICC)":
distcc 3.4 x86_64-pc-linux-gnu
  (protocols 1, 2 and 3) (default port 3632)
  built Oct 18 2022 22:17:00
Copyright (C) 2002, 2003, 2004 by Martin Pool.
Includes miniLZO (C) 1996-2002 by Markus Franz Xaver Johannes Oberhumer.
Portions Copyright (C) 2007-2008 Google.

distcc comes with ABSOLUTELY NO WARRANTY.  distcc is free software, and
you may use, modify and redistribute it under the terms of the GNU 
General Public License version 2 or later.

Built with Zeroconf support.

Please report bugs to distcc@lists.samba.org

Checking whether the ASM compiler is IntelLLVM using "--version" did not match "(Intel[^
]+oneAPI)":
distcc 3.4 x86_64-pc-linux-gnu
  (protocols 1, 2 and 3) (default port 3632)
  built Oct 18 2022 22:17:00
Copyright (C) 2002, 2003, 2004 by Martin Pool.
Includes miniLZO (C) 1996-2002 by Markus Franz Xaver Johannes Oberhumer.
Portions Copyright (C) 2007-2008 Google.

distcc comes with ABSOLUTELY NO WARRANTY.  distcc is free software, and
you may use, modify and redistribute it under the terms of the GNU 
General Public License version 2 or later.

Built with Zeroconf support.

Please report bugs to distcc@lists.samba.org

Checking whether the ASM compiler is SunPro using "-V" did not match "Sun C":
gcc: error: unrecognized command-line option '-V'
gcc: fatal error: no input files
compilation terminated.
distcc[108892] ERROR: compile (null) on localhost failed
Checking whether the ASM compiler is XL using "-qversion" did not match "XL C":
gcc: error: unrecognized command-line option '-qversion'; did you mean '--version'?
gcc: fatal error: no input files
compilation terminated.
distcc[108894] ERROR: compile (null) on localhost failed
Checking whether the ASM compiler is MSVC using "-?" did not match "Microsoft":
gcc: error: unrecognized command-line option '-?'
gcc: fatal error: no input files
compilation terminated.
distcc[108896] ERROR: compile (null) on localhost failed
Checking whether the ASM compiler is TI using "-h" did not match "Texas Instruments":
gcc: error: missing argument to '-h'
gcc: fatal error: no input files
compilation terminated.
distcc[108898] ERROR: compile (null) on localhost failed
Checking whether the ASM compiler is IAR using "" did not match "IAR Assembler":
/usr/bin/distcc: missing option/operand
Try `/usr/bin/distcc --help' for more information.
Checking whether the ASM compiler is ARMCC using "" did not match "(ARM Compiler)|(ARM Assembler)|(Arm Compiler)":
/usr/bin/distcc: missing option/operand
Try `/usr/bin/distcc --help' for more information.
Checking whether the ASM compiler is NASM using "-v" did not match "(NASM version)":
Using built-in specs.
COLLECT_GCC=gcc
COLLECT_LTO_WRAPPER=/usr/lib/gcc/x86_64-pc-linux-gnu/12.2.0/lto-wrapper
Target: x86_64-pc-linux-gnu
Configured with: /build/gcc/src/gcc/configure --enable-languages=c,c++,ada,fortran,go,lto,objc,obj-c++,d --enable-bootstrap --prefix=/usr --libdir=/usr/lib --libexecdir=/usr/lib --mandir=/usr/share/man --infodir=/usr/share/info --with-bugurl=https://bugs.archlinux.org/ --with-build-config=bootstrap-lto --with-linker-hash-style=gnu --with-system-zlib --enable-__cxa_atexit --enable-cet=auto --enable-checking=release --enable-clocale=gnu --enable-default-pie --enable-default-ssp --enable-gnu-indirect-function --enable-gnu-unique-object --enable-libstdcxx-backtrace --enable-link-serialization=1 --enable-linker-build-id --enable-lto --enable-multilib --enable-plugin --enable-shared --enable-threads=posix --disable-libssp --disable-libstdcxx-pch --disable-werror
Thread model: posix
Supported LTO compression algorithms: zlib zstd
gcc version 12.2.0 (GCC) 
Checking whether the ASM compiler is YASM using "--version" did not match "(yasm)":
distcc 3.4 x86_64-pc-linux-gnu
  (protocols 1, 2 and 3) (default port 3632)
  built Oct 18 2022 22:17:00
Copyright (C) 2002, 2003, 2004 by Martin Pool.
Includes miniLZO (C) 1996-2002 by Markus Franz Xaver Johannes Oberhumer.
Portions Copyright (C) 2007-2008 Google.

distcc comes with ABSOLUTELY NO WARRANTY.  distcc is free software, and
you may use, modify and redistribute it under the terms of the GNU 
General Public License version 2 or later.

Built with Zeroconf support.

Please report bugs to distcc@lists.samba.org

Checking whether the ASM compiler is ADSP using "-version" did not match "Analog Devices":
gcc: error: unrecognized command-line option '-version'
gcc: fatal error: no input files
compilation terminated.
distcc[108905] ERROR: compile (null) on localhost failed
Checking whether the ASM compiler is QCC using "-V" did not match "gcc_nto":
gcc: error: unrecognized command-line option '-V'
gcc: fatal error: no input files
compilation terminated.
distcc[108907] ERROR: compile (null) on localhost failed
Checking whether the ASM compiler is GNU using "--version" did not match "(GNU assembler)|(GCC)|(Free Software Foundation)":
distcc 3.4 x86_64-pc-linux-gnu
  (protocols 1, 2 and 3) (default port 3632)
  built Oct 18 2022 22:17:00
Copyright (C) 2002, 2003, 2004 by Martin Pool.
Includes miniLZO (C) 1996-2002 by Markus Franz Xaver Johannes Oberhumer.
Portions Copyright (C) 2007-2008 Google.

distcc comes with ABSOLUTELY NO WARRANTY.  distcc is free software, and
you may use, modify and redistribute it under the terms of the GNU 
General Public License version 2 or later.

Built with Zeroconf support.

Please report bugs to distcc@lists.samba.org

Checking whether the ASM compiler is Clang using "--version" did not match "(clang version)":
distcc 3.4 x86_64-pc-linux-gnu
  (protocols 1, 2 and 3) (default port 3632)
  built Oct 18 2022 22:17:00
Copyright (C) 2002, 2003, 2004 by Martin Pool.
Includes miniLZO (C) 1996-2002 by Markus Franz Xaver Johannes Oberhumer.
Portions Copyright (C) 2007-2008 Google.

distcc comes with ABSOLUTELY NO WARRANTY.  distcc is free software, and
you may use, modify and redistribute it under the terms of the GNU 
General Public License version 2 or later.

Built with Zeroconf support.

Please report bugs to distcc@lists.samba.org

Checking whether the ASM compiler is AppleClang using "--version" did not match "(Apple LLVM version)":
distcc 3.4 x86_64-pc-linux-gnu
  (protocols 1, 2 and 3) (default port 3632)
  built Oct 18 2022 22:17:00
Copyright (C) 2002, 2003, 2004 by Martin Pool.
Includes miniLZO (C) 1996-2002 by Markus Franz Xaver Johannes Oberhumer.
Portions Copyright (C) 2007-2008 Google.

distcc comes with ABSOLUTELY NO WARRANTY.  distcc is free software, and
you may use, modify and redistribute it under the terms of the GNU 
General Public License version 2 or later.

Built with Zeroconf support.

Please report bugs to distcc@lists.samba.org

Checking whether the ASM compiler is ARMClang using "--version" did not match "armclang":
distcc 3.4 x86_64-pc-linux-gnu
  (protocols 1, 2 and 3) (default port 3632)
  built Oct 18 2022 22:17:00
Copyright (C) 2002, 2003, 2004 by Martin Pool.
Includes miniLZO (C) 1996-2002 by Markus Franz Xaver Johannes Oberhumer.
Portions Copyright (C) 2007-2008 Google.

distcc comes with ABSOLUTELY NO WARRANTY.  distcc is free software, and
you may use, modify and redistribute it under the terms of the GNU 
General Public License version 2 or later.

Built with Zeroconf support.

Please report bugs to distcc@lists.samba.org

Checking whether the ASM compiler is HP using "-V" did not match "HP C":
gcc: error: unrecognized command-line option '-V'
gcc: fatal error: no input files
compilation terminated.
distcc[109325] ERROR: compile (null) on localhost failed
Checking whether the ASM compiler is Intel using "--version" did not match "(ICC)":
distcc 3.4 x86_64-pc-linux-gnu
  (protocols 1, 2 and 3) (default port 3632)
  built Oct 18 2022 22:17:00
Copyright (C) 2002, 2003, 2004 by Martin Pool.
Includes miniLZO (C) 1996-2002 by Markus Franz Xaver Johannes Oberhumer.
Portions Copyright (C) 2007-2008 Google.

distcc comes with ABSOLUTELY NO WARRANTY.  distcc is free software, and
you may use, modify and redistribute it under the terms of the GNU 
General Public License version 2 or later.

Built with Zeroconf support.

Please report bugs to distcc@lists.samba.org

Checking whether the ASM compiler is IntelLLVM using "--version" did not match "(Intel[^
]+oneAPI)":
distcc 3.4 x86_64-pc-linux-gnu
  (protocols 1, 2 and 3) (default port 3632)
  built Oct 18 2022 22:17:00
Copyright (C) 2002, 2003, 2004 by Martin Pool.
Includes miniLZO (C) 1996-2002 by Markus Franz Xaver Johannes Oberhumer.
Portions Copyright (C) 2007-2008 Google.

distcc comes with ABSOLUTELY NO WARRANTY.  distcc is free software, and
you may use, modify and redistribute it under the terms of the GNU 
General Public License version 2 or later.

Built with Zeroconf support.

Please report bugs to distcc@lists.samba.org

Checking whether the ASM compiler is SunPro using "-V" did not match "Sun C":
gcc: error: unrecognized command-line option '-V'
gcc: fatal error: no input files
compilation terminated.
distcc[109329] ERROR: compile (null) on localhost failed
Checking whether the ASM compiler is XL using "-qversion" did not match "XL C":
gcc: error: unrecognized command-line option '-qversion'; did you mean '--version'?
gcc: fatal error: no input files
compilation terminated.
distcc[109331] ERROR: compile (null) on localhost failed
Checking whether the ASM compiler is MSVC using "-?" did not match "Microsoft":
gcc: error: unrecognized command-line option '-?'
gcc: fatal error: no input files
compilation terminated.
distcc[109333] ERROR: compile (null) on localhost failed
Checking whether the ASM compiler is TI using "-h" did not match "Texas Instruments":
gcc: error: missing argument to '-h'
gcc: fatal error: no input files
compilation terminated.
distcc[109335] ERROR: compile (null) on localhost failed
Checking whether the ASM compiler is IAR using "" did not match "IAR Assembler":
/usr/bin/distcc: missing option/operand
Try `/usr/bin/distcc --help' for more information.
Checking whether the ASM compiler is ARMCC using "" did not match "(ARM Compiler)|(ARM Assembler)|(Arm Compiler)":
/usr/bin/distcc: missing option/operand
Try `/usr/bin/distcc --help' for more information.
Checking whether the ASM compiler is NASM using "-v" did not match "(NASM version)":
Using built-in specs.
COLLECT_GCC=gcc
COLLECT_LTO_WRAPPER=/usr/lib/gcc/x86_64-pc-linux-gnu/12.2.0/lto-wrapper
Target: x86_64-pc-linux-gnu
Configured with: /build/gcc/src/gcc/configure --enable-languages=c,c++,ada,fortran,go,lto,objc,obj-c++,d --enable-bootstrap --prefix=/usr --libdir=/usr/lib --libexecdir=/usr/lib --mandir=/usr/share/man --infodir=/usr/share/info --with-bugurl=https://bugs.archlinux.org/ --with-build-config=bootstrap-lto --with-linker-hash-style=gnu --with-system-zlib --enable-__cxa_atexit --enable-cet=auto --enable-checking=release --enable-clocale=gnu --enable-default-pie --enable-default-ssp --enable-gnu-indirect-function --enable-gnu-unique-object --enable-libstdcxx-backtrace --enable-link-serialization=1 --enable-linker-build-id --enable-lto --enable-multilib --enable-plugin --enable-shared --enable-threads=posix --disable-libssp --disable-libstdcxx-pch --disable-werror
Thread model: posix
Supported LTO compression algorithms: zlib zstd
gcc version 12.2.0 (GCC) 
Checking whether the ASM compiler is YASM using "--version" did not match "(yasm)":
distcc 3.4 x86_64-pc-linux-gnu
  (protocols 1, 2 and 3) (default port 3632)
  built Oct 18 2022 22:17:00
Copyright (C) 2002, 2003, 2004 by Martin Pool.
Includes miniLZO (C) 1996-2002 by Markus Franz Xaver Johannes Oberhumer.
Portions Copyright (C) 2007-2008 Google.

distcc comes with ABSOLUTELY NO WARRANTY.  distcc is free software, and
you may use, modify and redistribute it under the terms of the GNU 
General Public License version 2 or later.

Built with Zeroconf support.

Please report bugs to distcc@lists.samba.org

Checking whether the ASM compiler is ADSP using "-version" did not match "Analog Devices":
gcc: error: unrecognized command-line option '-version'
gcc: fatal error: no input files
compilation terminated.
distcc[109342] ERROR: compile (null) on localhost failed
Checking whether the ASM compiler is QCC using "-V" did not match "gcc_nto":
gcc: error: unrecognized command-line option '-V'
gcc: fatal error: no input files
compilation terminated.
distcc[109344] ERROR: compile (null) on localhost failed
Checking whether the ASM compiler is GNU using "--version" did not match "(GNU assembler)|(GCC)|(Free Software Foundation)":
distcc 3.4 x86_64-pc-linux-gnu
  (protocols 1, 2 and 3) (default port 3632)
  built Oct 18 2022 22:17:00
Copyright (C) 2002, 2003, 2004 by Martin Pool.
Includes miniLZO (C) 1996-2002 by Markus Franz Xaver Johannes Oberhumer.
Portions Copyright (C) 2007-2008 Google.

distcc comes with ABSOLUTELY NO WARRANTY.  distcc is free software, and
you may use, modify and redistribute it under the terms of the GNU 
General Public License version 2 or later.

Built with Zeroconf support.

Please report bugs to distcc@lists.samba.org

Checking whether the ASM compiler is Clang using "--version" did not match "(clang version)":
distcc 3.4 x86_64-pc-linux-gnu
  (protocols 1, 2 and 3) (default port 3632)
  built Oct 18 2022 22:17:00
Copyright (C) 2002, 2003, 2004 by Martin Pool.
Includes miniLZO (C) 1996-2002 by Markus Franz Xaver Johannes Oberhumer.
Portions Copyright (C) 2007-2008 Google.

distcc comes with ABSOLUTELY NO WARRANTY.  distcc is free software, and
you may use, modify and redistribute it under the terms of the GNU 
General Public License version 2 or later.

Built with Zeroconf support.

Please report bugs to distcc@lists.samba.org

Checking whether the ASM compiler is AppleClang using "--version" did not match "(Apple LLVM version)":
distcc 3.4 x86_64-pc-linux-gnu
  (protocols 1, 2 and 3) (default port 3632)
  built Oct 18 2022 22:17:00
Copyright (C) 2002, 2003, 2004 by Martin Pool.
Includes miniLZO (C) 1996-2002 by Markus Franz Xaver Johannes Oberhumer.
Portions Copyright (C) 2007-2008 Google.

distcc comes with ABSOLUTELY NO WARRANTY.  distcc is free software, and
you may use, modify and redistribute it under the terms of the GNU 
General Public License version 2 or later.

Built with Zeroconf support.

Please report bugs to distcc@lists.samba.org

Checking whether the ASM compiler is ARMClang using "--version" did not match "armclang":
distcc 3.4 x86_64-pc-linux-gnu
  (protocols 1, 2 and 3) (default port 3632)
  built Oct 18 2022 22:17:00
Copyright (C) 2002, 2003, 2004 by Martin Pool.
Includes miniLZO (C) 1996-2002 by Markus Franz Xaver Johannes Oberhumer.
Portions Copyright (C) 2007-2008 Google.

distcc comes with ABSOLUTELY NO WARRANTY.  distcc is free software, and
you may use, modify and redistribute it under the terms of the GNU 
General Public License version 2 or later.

Built with Zeroconf support.

Please report bugs to distcc@lists.samba.org

Checking whether the ASM compiler is HP using "-V" did not match "HP C":
gcc: error: unrecognized command-line option '-V'
gcc: fatal error: no input files
compilation terminated.
distcc[110312] ERROR: compile (null) on localhost failed
Checking whether the ASM compiler is Intel using "--version" did not match "(ICC)":
distcc 3.4 x86_64-pc-linux-gnu
  (protocols 1, 2 and 3) (default port 3632)
  built Oct 18 2022 22:17:00
Copyright (C) 2002, 2003, 2004 by Martin Pool.
Includes miniLZO (C) 1996-2002 by Markus Franz Xaver Johannes Oberhumer.
Portions Copyright (C) 2007-2008 Google.

distcc comes with ABSOLUTELY NO WARRANTY.  distcc is free software, and
you may use, modify and redistribute it under the terms of the GNU 
General Public License version 2 or later.

Built with Zeroconf support.

Please report bugs to distcc@lists.samba.org

Checking whether the ASM compiler is IntelLLVM using "--version" did not match "(Intel[^
]+oneAPI)":
distcc 3.4 x86_64-pc-linux-gnu
  (protocols 1, 2 and 3) (default port 3632)
  built Oct 18 2022 22:17:00
Copyright (C) 2002, 2003, 2004 by Martin Pool.
Includes miniLZO (C) 1996-2002 by Markus Franz Xaver Johannes Oberhumer.
Portions Copyright (C) 2007-2008 Google.

distcc comes with ABSOLUTELY NO WARRANTY.  distcc is free software, and
you may use, modify and redistribute it under the terms of the GNU 
General Public License version 2 or later.

Built with Zeroconf support.

Please report bugs to distcc@lists.samba.org

Checking whether the ASM compiler is SunPro using "-V" did not match "Sun C":
gcc: error: unrecognized command-line option '-V'
gcc: fatal error: no input files
compilation terminated.
distcc[110316] ERROR: compile (null) on localhost failed
Checking whether the ASM compiler is XL using "-qversion" did not match "XL C":
gcc: error: unrecognized command-line option '-qversion'; did you mean '--version'?
gcc: fatal error: no input files
compilation terminated.
distcc[110318] ERROR: compile (null) on localhost failed
Checking whether the ASM compiler is MSVC using "-?" did not match "Microsoft":
gcc: error: unrecognized command-line option '-?'
gcc: fatal error: no input files
compilation terminated.
distcc[110320] ERROR: compile (null) on localhost failed
Checking whether the ASM compiler is TI using "-h" did not match "Texas Instruments":
gcc: error: missing argument to '-h'
gcc: fatal error: no input files
compilation terminated.
distcc[110322] ERROR: compile (null) on localhost failed
Checking whether the ASM compiler is IAR using "" did not match "IAR Assembler":
/usr/bin/distcc: missing option/operand
Try `/usr/bin/distcc --help' for more information.
Checking whether the ASM compiler is ARMCC using "" did not match "(ARM Compiler)|(ARM Assembler)|(Arm Compiler)":
/usr/bin/distcc: missing option/operand
Try `/usr/bin/distcc --help' for more information.
Checking whether the ASM compiler is NASM using "-v" did not match "(NASM version)":
Using built-in specs.
COLLECT_GCC=gcc
COLLECT_LTO_WRAPPER=/usr/lib/gcc/x86_64-pc-linux-gnu/12.2.0/lto-wrapper
Target: x86_64-pc-linux-gnu
Configured with: /build/gcc/src/gcc/configure --enable-languages=c,c++,ada,fortran,go,lto,objc,obj-c++,d --enable-bootstrap --prefix=/usr --libdir=/usr/lib --libexecdir=/usr/lib --mandir=/usr/share/man --infodir=/usr/share/info --with-bugurl=https://bugs.archlinux.org/ --with-build-config=bootstrap-lto --with-linker-hash-style=gnu --with-system-zlib --enable-__cxa_atexit --enable-cet=auto --enable-checking=release --enable-clocale=gnu --enable-default-pie --enable-default-ssp --enable-gnu-indirect-function --enable-gnu-unique-object --enable-libstdcxx-backtrace --enable-link-serialization=1 --enable-linker-build-id --enable-lto --enable-multilib --enable-plugin --enable-shared --enable-threads=posix --disable-libssp --disable-libstdcxx-pch --disable-werror
Thread model: posix
Supported LTO compression algorithms: zlib zstd
gcc version 12.2.0 (GCC) 
Checking whether the ASM compiler is YASM using "--version" did not match "(yasm)":
distcc 3.4 x86_64-pc-linux-gnu
  (protocols 1, 2 and 3) (default port 3632)
  built Oct 18 2022 22:17:00
Copyright (C) 2002, 2003, 2004 by Martin Pool.
Includes miniLZO (C) 1996-2002 by Markus Franz Xaver Johannes Oberhumer.
Portions Copyright (C) 2007-2008 Google.

distcc comes with ABSOLUTELY NO WARRANTY.  distcc is free software, and
you may use, modify and redistribute it under the terms of the GNU 
General Public License version 2 or later.

Built with Zeroconf support.

Please report bugs to distcc@lists.samba.org

Checking whether the ASM compiler is ADSP using "-version" did not match "Analog Devices":
gcc: error: unrecognized command-line option '-version'
gcc: fatal error: no input files
compilation terminated.
distcc[110329] ERROR: compile (null) on localhost failed
Checking whether the ASM compiler is QCC using "-V" did not match "gcc_nto":
gcc: error: unrecognized command-line option '-V'
gcc: fatal error: no input files
compilation terminated.
distcc[110331] ERROR: compile (null) on localhost failed
